
Number of Neurons in layer[1]=7
Number of Neurons in layer[2]=10
Number of Neurons in layer[3]=5
Alpha value(Momentum factor): 0.900000
Error constant : 0.001000
Learning rate : 0.600000
Threshold value : 0.000000
Scaling Parameter: 1.000000
No of Training data : 32
Maximum Iteration : 500
Weights[0]:7
10
0.253441
0.068712
0.358791
0.374111
-0.108264
0.487396
0.236686
-0.065905
-0.156789
0.099567
-0.083941
-0.399960
-0.022629
-0.431150
0.090197
-0.260277
0.347377
-0.234489
-0.440977
0.221458
0.044206
-0.171010
0.166280
0.227470
-0.119007
-0.259545
0.207205
-0.344508
0.313440
0.186148
-0.036424
0.139454
-0.497162
-0.007065
-0.478545
0.220328
-0.071734
-0.082293
-0.471191
-0.301080
0.453368
0.071184
0.048540
-0.298547
0.254723
-0.242210
0.163686
0.489135
-0.482086
0.013230
0.490631
-0.456725
0.307276
-0.380215
0.256890
-0.042863
-0.484558
-0.117786
0.099689
-0.334620
0.299890
-0.055925
0.241234
-0.457091
-0.088702
-0.073534
0.197317
-0.095996
0.321497
-0.329402

Weights[1]:10
5
-0.324458
0.433103
-0.444212
0.364620
-0.180990
0.078387
0.137074
-0.163259
0.451964
-0.060167
-0.452635
-0.204276
0.483795
-0.317805
0.113178
-0.200339
0.127522
-0.495087
0.220969
0.234642
0.088763
0.199973
0.268914
0.084307
0.381710
0.328578
0.261254
-0.228111
-0.071459
0.048509
0.451537
-0.144337
-0.401944
-0.376827
-0.059160
-0.140950
-0.160024
0.143239
-0.362606
0.016831
-0.428587
0.492553
0.483764
0.218772
0.471465
0.089648
0.357692
-0.068621
0.339991
0.435545
  1.239E-01
  8.442E-02
  6.783E-02
  6.801E-02
  6.649E-02
  6.447E-02
  6.209E-02
  5.937E-02
  5.623E-02
  5.267E-02
  4.886E-02
  4.516E-02
  4.165E-02
  3.849E-02
  3.589E-02
  3.387E-02
  3.234E-02
  3.112E-02
  3.013E-02
  2.930E-02
  2.862E-02
  2.805E-02
  2.757E-02
  2.717E-02
  2.683E-02
  2.653E-02
  2.626E-02
  2.603E-02
  2.581E-02
  2.561E-02
  2.543E-02
  2.525E-02
  2.510E-02
  2.495E-02
  2.481E-02
  2.468E-02
  2.456E-02
  2.444E-02
  2.433E-02
  2.423E-02
  2.413E-02
  2.404E-02
  2.395E-02
  2.386E-02
  2.378E-02
  2.371E-02
  2.363E-02
  2.356E-02
  2.349E-02
  2.343E-02
  2.337E-02
  2.331E-02
  2.325E-02
  2.319E-02
  2.314E-02
  2.308E-02
  2.303E-02
  2.298E-02
  2.294E-02
  2.289E-02
  2.285E-02
  2.280E-02
  2.276E-02
  2.272E-02
  2.268E-02
  2.264E-02
  2.260E-02
  2.257E-02
  2.253E-02
  2.250E-02
  2.246E-02
  2.243E-02
  2.239E-02
  2.236E-02
  2.233E-02
  2.230E-02
  2.227E-02
  2.224E-02
  2.221E-02
  2.218E-02
  2.216E-02
  2.213E-02
  2.210E-02
  2.208E-02
  2.205E-02
  2.203E-02
  2.200E-02
  2.198E-02
  2.195E-02
  2.193E-02
  2.191E-02
  2.188E-02
  2.186E-02
  2.184E-02
  2.182E-02
  2.179E-02
  2.177E-02
  2.175E-02
  2.173E-02
  2.171E-02
  2.169E-02
  2.167E-02
  2.165E-02
  2.163E-02
  2.161E-02
  2.160E-02
  2.158E-02
  2.156E-02
  2.154E-02
  2.152E-02
  2.151E-02
  2.149E-02
  2.147E-02
  2.145E-02
  2.144E-02
  2.142E-02
  2.140E-02
  2.139E-02
  2.137E-02
  2.136E-02
  2.134E-02
  2.133E-02
  2.131E-02
  2.130E-02
  2.128E-02
  2.127E-02
  2.125E-02
  2.124E-02
  2.122E-02
  2.121E-02
  2.119E-02
  2.118E-02
  2.117E-02
  2.115E-02
  2.114E-02
  2.112E-02
  2.111E-02
  2.110E-02
  2.108E-02
  2.107E-02
  2.106E-02
  2.105E-02
  2.103E-02
  2.102E-02
  2.101E-02
  2.099E-02
  2.098E-02
  2.097E-02
  2.096E-02
  2.095E-02
  2.093E-02
  2.092E-02
  2.091E-02
  2.090E-02
  2.089E-02
  2.087E-02
  2.086E-02
  2.085E-02
  2.084E-02
  2.083E-02
  2.082E-02
  2.081E-02
  2.079E-02
  2.078E-02
  2.077E-02
  2.076E-02
  2.075E-02
  2.074E-02
  2.073E-02
  2.072E-02
  2.071E-02
  2.070E-02
  2.069E-02
  2.068E-02
  2.066E-02
  2.065E-02
  2.064E-02
  2.063E-02
  2.062E-02
  2.061E-02
  2.060E-02
  2.059E-02
  2.058E-02
  2.057E-02
  2.056E-02
  2.055E-02
  2.054E-02
  2.053E-02
  2.052E-02
  2.051E-02
  2.050E-02
  2.049E-02
  2.048E-02
  2.047E-02
  2.046E-02
  2.045E-02
  2.044E-02
  2.043E-02
  2.042E-02
  2.041E-02
  2.040E-02
  2.040E-02
  2.039E-02
  2.038E-02
  2.037E-02
  2.036E-02
  2.035E-02
  2.034E-02
  2.033E-02
  2.032E-02
  2.031E-02
  2.030E-02
  2.029E-02
  2.028E-02
  2.027E-02
  2.026E-02
  2.025E-02
  2.024E-02
  2.024E-02
  2.023E-02
  2.022E-02
  2.021E-02
  2.020E-02
  2.019E-02
  2.018E-02
  2.017E-02
  2.016E-02
  2.015E-02
  2.014E-02
  2.013E-02
  2.012E-02
  2.012E-02
  2.011E-02
  2.010E-02
  2.009E-02
  2.008E-02
  2.007E-02
  2.006E-02
  2.005E-02
  2.004E-02
  2.003E-02
  2.002E-02
  2.001E-02
  2.001E-02
  2.000E-02
  1.999E-02
  1.998E-02
  1.997E-02
  1.996E-02
  1.995E-02
  1.994E-02
  1.993E-02
  1.992E-02
  1.991E-02
  1.990E-02
  1.990E-02
  1.989E-02
  1.988E-02
  1.987E-02
  1.986E-02
  1.985E-02
  1.984E-02
  1.983E-02
  1.982E-02
  1.981E-02
  1.980E-02
  1.979E-02
  1.978E-02
  1.977E-02
  1.977E-02
  1.976E-02
  1.975E-02
  1.974E-02
  1.973E-02
  1.972E-02
  1.971E-02
  1.970E-02
  1.969E-02
  1.968E-02
  1.967E-02
  1.966E-02
  1.965E-02
  1.964E-02
  1.963E-02
  1.962E-02
  1.961E-02
  1.960E-02
  1.959E-02
  1.958E-02
  1.958E-02
  1.957E-02
  1.956E-02
  1.955E-02
  1.954E-02
  1.953E-02
  1.952E-02
  1.951E-02
  1.950E-02
  1.949E-02
  1.948E-02
  1.947E-02
  1.946E-02
  1.945E-02
  1.944E-02
  1.943E-02
  1.942E-02
  1.941E-02
  1.940E-02
  1.939E-02
  1.938E-02
  1.937E-02
  1.936E-02
  1.935E-02
  1.934E-02
  1.932E-02
  1.931E-02
  1.930E-02
  1.929E-02
  1.928E-02
  1.927E-02
  1.926E-02
  1.925E-02
  1.924E-02
  1.923E-02
  1.922E-02
  1.921E-02
  1.920E-02
  1.919E-02
  1.918E-02
  1.917E-02
  1.915E-02
  1.914E-02
  1.913E-02
  1.912E-02
  1.911E-02
  1.910E-02
  1.909E-02
  1.908E-02
  1.907E-02
  1.906E-02
  1.904E-02
  1.903E-02
  1.902E-02
  1.901E-02
  1.900E-02
  1.899E-02
  1.898E-02
  1.896E-02
  1.895E-02
  1.894E-02
  1.893E-02
  1.892E-02
  1.891E-02
  1.890E-02
  1.888E-02
  1.887E-02
  1.886E-02
  1.885E-02
  1.884E-02
  1.882E-02
  1.881E-02
  1.880E-02
  1.879E-02
  1.878E-02
  1.876E-02
  1.875E-02
  1.874E-02
  1.873E-02
  1.871E-02
  1.870E-02
  1.869E-02
  1.868E-02
  1.866E-02
  1.865E-02
  1.864E-02
  1.863E-02
  1.861E-02
  1.860E-02
  1.859E-02
  1.858E-02
  1.856E-02
  1.855E-02
  1.854E-02
  1.852E-02
  1.851E-02
  1.850E-02
  1.849E-02
  1.847E-02
  1.846E-02
  1.845E-02
  1.843E-02
  1.842E-02
  1.841E-02
  1.839E-02
  1.838E-02
  1.837E-02
  1.835E-02
  1.834E-02
  1.832E-02
  1.831E-02
  1.830E-02
  1.828E-02
  1.827E-02
  1.826E-02
  1.824E-02
  1.823E-02
  1.821E-02
  1.820E-02
  1.819E-02
  1.817E-02
  1.816E-02
  1.814E-02
  1.813E-02
  1.812E-02
  1.810E-02
  1.809E-02
  1.807E-02
  1.806E-02
  1.804E-02
  1.803E-02
  1.801E-02
  1.800E-02
  1.799E-02
  1.797E-02
  1.796E-02
  1.794E-02
  1.793E-02
  1.791E-02
  1.790E-02
  1.788E-02
  1.787E-02
  1.785E-02
  1.784E-02
  1.782E-02
  1.781E-02
  1.779E-02
  1.778E-02
  1.776E-02
  1.774E-02
  1.773E-02
  1.771E-02
  1.770E-02
  1.768E-02
  1.767E-02
  1.765E-02
  1.764E-02
  1.762E-02
  1.761E-02
  1.759E-02
  1.757E-02
  1.756E-02
  1.754E-02
  1.753E-02
  1.751E-02
  1.749E-02
  1.748E-02
  1.746E-02
  1.745E-02
  1.743E-02
  1.741E-02
  1.740E-02
  1.738E-02
  1.737E-02
  1.735E-02
  1.733E-02
  1.732E-02
  1.730E-02
  1.728E-02
  1.727E-02
  1.725E-02
  1.723E-02
  1.722E-02
  1.720E-02
  1.718E-02
  1.717E-02
  1.715E-02
  1.714E-02
  1.712E-02
  1.710E-02
  1.709E-02
  1.707E-02
  1.705E-02
  1.703E-02
  1.702E-02
  1.700E-02
  1.698E-02
  1.697E-02
  1.695E-02
  1.693E-02
  1.692E-02
  1.690E-02
  1.688E-02
  1.687E-02
  1.685E-02
  1.683E-02
  1.682E-02
  1.680E-02
  1.678E-02
  1.676E-02
  1.675E-02
